<?xml version="1.0" encoding="UTF-8"?>
<testng-results ignored="0" total="2" passed="1" failed="1" skipped="0">
  <reporter-output>
    <line>
      <![CDATA[18721623450登陆成功！]]>
    </line>
    <line>
      <![CDATA[18721623450登陆成功！]]>
    </line>
    <line>
      <![CDATA[18721623450登录信息正确！]]>
    </line>
  </reporter-output>
  <suite started-at="2019-04-04T01:53:55Z" name="TestNGStudy" finished-at="2019-04-04T01:54:10Z" duration-ms="15142">
    <groups>
    </groups>
    <test started-at="2019-04-04T01:53:55Z" name="TestNGDemo_1" finished-at="2019-04-04T01:54:07Z" duration-ms="12580">
      <class name="com.hizuche.testcase.log.Login">
        <test-method is-config="true" signature="getHome()[pri:0, instance:com.hizuche.testcase.log.Login@547c04c4]" started-at="2019-04-04T09:53:55Z" name="getHome" finished-at="2019-04-04T09:54:00Z" duration-ms="5534" status="PASS">
          <reporter-output>
          </reporter-output>
        </test-method> <!-- getHome -->
        <test-method signature="testLogin()[pri:0, instance:com.hizuche.testcase.log.Login@547c04c4]" started-at="2019-04-04T09:54:00Z" name="testLogin" finished-at="2019-04-04T09:54:06Z" duration-ms="6106" status="PASS">
          <reporter-output>
            <line>
              <![CDATA[18721623450登陆成功！]]>
            </line>
            <line>
              <![CDATA[18721623450登录信息正确！]]>
            </line>
          </reporter-output>
        </test-method> <!-- testLogin -->
        <test-method is-config="true" signature="closeBrowser()[pri:0, instance:com.hizuche.testcase.log.Login@547c04c4]" started-at="2019-04-04T09:54:06Z" name="closeBrowser" finished-at="2019-04-04T09:54:07Z" duration-ms="915" status="PASS">
          <reporter-output>
          </reporter-output>
        </test-method> <!-- closeBrowser -->
      </class> <!-- com.hizuche.testcase.log.Login -->
    </test> <!-- TestNGDemo_1 -->
    <test started-at="2019-04-04T01:53:55Z" name="TestNGDemo_2" finished-at="2019-04-04T01:54:10Z" duration-ms="15142">
      <class name="com.hizuche.testcase.companycar.SearchComanyCar">
        <test-method is-config="true" signature="beforeClass()[pri:0, instance:com.hizuche.testcase.companycar.SearchComanyCar@6622a690]" started-at="2019-04-04T09:53:55Z" name="beforeClass" finished-at="2019-04-04T09:54:08Z" duration-ms="13459" status="PASS">
          <reporter-output>
            <line>
              <![CDATA[18721623450登陆成功！]]>
            </line>
          </reporter-output>
        </test-method> <!-- beforeClass -->
        <test-method signature="testSearchCompanyCar()[pri:0, instance:com.hizuche.testcase.companycar.SearchComanyCar@6622a690]" started-at="2019-04-04T09:54:08Z" name="testSearchCompanyCar" finished-at="2019-04-04T09:54:09Z" duration-ms="1346" status="FAIL">
          <exception class="org.openqa.selenium.WebDriverException">
            <message>
              <![CDATA[unknown error: Element <div unselectable="on" class="ant-select-selection__placeholder" style="display: block; user-select: none;">...</div> is not clickable at point (601, 259). Other element would receive the click: <input type="text" class="ant-input ant-select-search__field" value="">
  (Session info: chrome=73.0.3683.86)
  (Driver info: chromedriver=2.42.591059 (a3d9684d10d61aa0c45f6723b327283be1ebaad8),platform=Mac OS X 10.14.3 x86_64) (WARNING: The server did not provide any stacktrace information)
Command duration or timeout: 0 milliseconds
Build info: version: '3.14.0', revision: 'aacccce0', time: '2018-08-02T20:19:58.91Z'
System info: host: 'xjtdeMBP', ip: 'fe80:0:0:0:1446:467d:817c:b2f3%en0', os.name: 'Mac OS X', os.arch: 'x86_64', os.version: '10.14.3', java.version: '10'
Driver info: org.openqa.selenium.chrome.ChromeDriver
Capabilities {acceptInsecureCerts: false, acceptSslCerts: false, applicationCacheEnabled: false, browserConnectionEnabled: false, browserName: chrome, chrome: {chromedriverVersion: 2.42.591059 (a3d9684d10d61a..., userDataDir: /var/folders/hs/5wkjw2bx3sz...}, cssSelectorsEnabled: true, databaseEnabled: false, goog:chromeOptions: {debuggerAddress: localhost:54322}, handlesAlerts: true, hasTouchScreen: false, javascriptEnabled: true, locationContextEnabled: true, mobileEmulationEnabled: false, nativeEvents: true, networkConnectionEnabled: false, pageLoadStrategy: normal, platform: MAC, platformName: MAC, rotatable: false, setWindowRect: true, takesHeapSnapshot: true, takesScreenshot: true, unexpectedAlertBehaviour: , unhandledPromptBehavior: , version: 73.0.3683.86, webStorageEnabled: true}
Session ID: 70987abeddc5c65aca7acc6bde3c8367]]>
            </message>
            <full-stacktrace>
              <![CDATA[org.openqa.selenium.WebDriverException: unknown error: Element <div unselectable="on" class="ant-select-selection__placeholder" style="display: block; user-select: none;">...</div> is not clickable at point (601, 259). Other element would receive the click: <input type="text" class="ant-input ant-select-search__field" value="">
  (Session info: chrome=73.0.3683.86)
  (Driver info: chromedriver=2.42.591059 (a3d9684d10d61aa0c45f6723b327283be1ebaad8),platform=Mac OS X 10.14.3 x86_64) (WARNING: The server did not provide any stacktrace information)
Command duration or timeout: 0 milliseconds
Build info: version: '3.14.0', revision: 'aacccce0', time: '2018-08-02T20:19:58.91Z'
System info: host: 'xjtdeMBP', ip: 'fe80:0:0:0:1446:467d:817c:b2f3%en0', os.name: 'Mac OS X', os.arch: 'x86_64', os.version: '10.14.3', java.version: '10'
Driver info: org.openqa.selenium.chrome.ChromeDriver
Capabilities {acceptInsecureCerts: false, acceptSslCerts: false, applicationCacheEnabled: false, browserConnectionEnabled: false, browserName: chrome, chrome: {chromedriverVersion: 2.42.591059 (a3d9684d10d61a..., userDataDir: /var/folders/hs/5wkjw2bx3sz...}, cssSelectorsEnabled: true, databaseEnabled: false, goog:chromeOptions: {debuggerAddress: localhost:54322}, handlesAlerts: true, hasTouchScreen: false, javascriptEnabled: true, locationContextEnabled: true, mobileEmulationEnabled: false, nativeEvents: true, networkConnectionEnabled: false, pageLoadStrategy: normal, platform: MAC, platformName: MAC, rotatable: false, setWindowRect: true, takesHeapSnapshot: true, takesScreenshot: true, unexpectedAlertBehaviour: , unhandledPromptBehavior: , version: 73.0.3683.86, webStorageEnabled: true}
Session ID: 70987abeddc5c65aca7acc6bde3c8367
	at java.base/jdk.internal.reflect.NativeConstructorAccessorImpl.newInstance0(Native Method)
	at java.base/jdk.internal.reflect.NativeConstructorAccessorImpl.newInstance(NativeConstructorAccessorImpl.java:62)
	at java.base/jdk.internal.reflect.DelegatingConstructorAccessorImpl.newInstance(DelegatingConstructorAccessorImpl.java:45)
	at java.base/java.lang.reflect.Constructor.newInstance(Constructor.java:488)
	at org.openqa.selenium.remote.ErrorHandler.createThrowable(ErrorHandler.java:214)
	at org.openqa.selenium.remote.ErrorHandler.throwIfResponseFailed(ErrorHandler.java:166)
	at org.openqa.selenium.remote.http.JsonHttpResponseCodec.reconstructValue(JsonHttpResponseCodec.java:40)
	at org.openqa.selenium.remote.http.AbstractHttpResponseCodec.decode(AbstractHttpResponseCodec.java:80)
	at org.openqa.selenium.remote.http.AbstractHttpResponseCodec.decode(AbstractHttpResponseCodec.java:44)
	at org.openqa.selenium.remote.HttpCommandExecutor.execute(HttpCommandExecutor.java:158)
	at org.openqa.selenium.remote.service.DriverCommandExecutor.execute(DriverCommandExecutor.java:83)
	at org.openqa.selenium.remote.RemoteWebDriver.execute(RemoteWebDriver.java:548)
	at org.openqa.selenium.remote.RemoteWebElement.execute(RemoteWebElement.java:276)
	at org.openqa.selenium.remote.RemoteWebElement.click(RemoteWebElement.java:83)
	at com.hizuche.page.BasePage.click(BasePage.java:44)
	at com.hizuche.handle.CompanyCarPageHandle.clickCity(CompanyCarPageHandle.java:73)
	at com.hizuche.business.CompanyCarPageBH.searchCompanyCar(CompanyCarPageBH.java:26)
	at com.hizuche.testcase.companycar.SearchComanyCar.testSearchCompanyCar(SearchComanyCar.java:59)
	at java.base/jdk.internal.reflect.NativeMethodAccessorImpl.invoke0(Native Method)
	at java.base/jdk.internal.reflect.NativeMethodAccessorImpl.invoke(NativeMethodAccessorImpl.java:62)
	at java.base/jdk.internal.reflect.DelegatingMethodAccessorImpl.invoke(DelegatingMethodAccessorImpl.java:43)
	at java.base/java.lang.reflect.Method.invoke(Method.java:564)
	at org.testng.internal.MethodInvocationHelper.invokeMethod(MethodInvocationHelper.java:104)
	at org.testng.internal.Invoker.invokeMethod(Invoker.java:645)
	at org.testng.internal.Invoker.invokeTestMethod(Invoker.java:851)
	at org.testng.internal.Invoker.invokeTestMethods(Invoker.java:1177)
	at org.testng.internal.TestMethodWorker.invokeTestMethods(TestMethodWorker.java:129)
	at org.testng.internal.TestMethodWorker.run(TestMethodWorker.java:112)
	at org.testng.TestRunner.privateRun(TestRunner.java:756)
	at org.testng.TestRunner.run(TestRunner.java:610)
	at org.testng.SuiteRunner.runTest(SuiteRunner.java:387)
	at org.testng.SuiteRunner.access$000(SuiteRunner.java:39)
	at org.testng.SuiteRunner$SuiteWorker.run(SuiteRunner.java:421)
	at org.testng.internal.thread.ThreadUtil$2.call(ThreadUtil.java:64)
	at java.base/java.util.concurrent.FutureTask.run(FutureTask.java:264)
	at java.base/java.util.concurrent.ThreadPoolExecutor.runWorker(ThreadPoolExecutor.java:1135)
	at java.base/java.util.concurrent.ThreadPoolExecutor$Worker.run(ThreadPoolExecutor.java:635)
	at java.base/java.lang.Thread.run(Thread.java:844)
]]>
            </full-stacktrace>
          </exception> <!-- org.openqa.selenium.WebDriverException -->
          <reporter-output>
          </reporter-output>
        </test-method> <!-- testSearchCompanyCar -->
        <test-method is-config="true" signature="closeBrowser()[pri:0, instance:com.hizuche.testcase.companycar.SearchComanyCar@6622a690]" started-at="2019-04-04T09:54:09Z" name="closeBrowser" finished-at="2019-04-04T09:54:10Z" duration-ms="313" status="PASS">
          <reporter-output>
          </reporter-output>
        </test-method> <!-- closeBrowser -->
      </class> <!-- com.hizuche.testcase.companycar.SearchComanyCar -->
    </test> <!-- TestNGDemo_2 -->
  </suite> <!-- TestNGStudy -->
</testng-results>
